<?xml version="1.0" encoding="UTF-8" ?>
<testsuites>
  <testsuite errors="0" failures="0" hostname="Daves-iMac.local" id="0" name="SshServiceTests" package="com.xtuple" tests="1" time="153761.117" timestamp="2013-11-26T21:54:53">
      <properties />

      <testcase classname="com.xtuple.SshServiceTests" name="testGetIptables" time="153761.116" />

      <system-out><![CDATA[--Output from testGetIptables--
]]></system-out>

      <system-err><![CDATA[--Output from testGetIptables--
]]></system-err>

  </testsuite>
</testsuites>
