<?xml version="1.0" encoding="UTF-8" ?>
<testsuites>
  <testsuite errors="0" failures="0" hostname="Daves-iMac.local" id="0" name="DiscoverServiceTests" package="com.xtuple" tests="1" time="1806.435" timestamp="2013-12-02T20:55:04">
      <properties />

      <testcase classname="com.xtuple.DiscoverServiceTests" name="testGetRules" time="1806.425" />

      <system-out><![CDATA[--Output from testGetRules--
]]></system-out>

      <system-err><![CDATA[--Output from testGetRules--
]]></system-err>

  </testsuite>
</testsuites>
